1657793243298	geckodriver	INFO	Listening on 127.0.0.1:22943
1657793246251	mozrunner::runner	INFO	Running command: "C:\\Program Files\\Mozilla Firefox\\firefox.exe" "--marionette" "--remote-debugging-port" "22944" "--remote-allow-hosts" "localhost" "-no-remote" "-profile" "C:\\Users\\tarena\\AppData\\Local\\Temp\\rust_mozprofile2mJ0ad"
1657793250829	Marionette	INFO	Marionette enabled
1657793250847	Marionette	INFO	Listening on port 23001
WebDriver BiDi listening on ws://localhost:22944
Read port: 23001
1657793251058	RemoteAgent	WARN	TLS certificate errors will be ignored for this session
console.error: Region.jsm: "Error fetching region" (new Error("TIMEOUT", "resource://gre/modules/Region.jsm", 767))
console.error: Region.jsm: "Failed to fetch region" (new Error("TIMEOUT", "resource://gre/modules/Region.jsm", 419))
console.warn: SearchSettings: "get: No settings file exists, new profile?" (new NotFoundError("Could not open the file at C:\\Users\\tarena\\AppData\\Local\\Temp\\rust_mozprofile2mJ0ad\\search.json.mozlz4", (void 0)))
DevTools listening on ws://localhost:22944/devtools/browser/a30e9da3-b8ef-4328-8532-00be33889dec
JavaScript warning: https://hectorstatic.baidu.com/96c9c06653ba892e.js, line 3: WEBGL_debug_renderer_info is deprecated in Firefox and will be removed. Please use RENDERER.
1657793262954	Marionette	INFO	Stopped listening on port 23001
console.warn: TopSitesFeed: Failed to fetch data from Contile server: NetworkError when attempting to fetch resource.
1659335463080	geckodriver	INFO	Listening on 127.0.0.1:8617
1659335465768	mozrunner::runner	INFO	Running command: "C:\\Program Files\\Mozilla Firefox\\firefox.exe" "--marionette" "--remote-debugging-port" "8618" "--remote-allow-hosts" "localhost" "-no-remote" "-profile" "C:\\Users\\tarena\\AppData\\Local\\Temp\\rust_mozprofilekMx5wy"
1659335474869	Marionette	INFO	Marionette enabled
1659335474892	Marionette	INFO	Listening on port 8703
WebDriver BiDi listening on ws://localhost:8618
Read port: 8703
1659335475191	RemoteAgent	WARN	TLS certificate errors will be ignored for this session
console.error: Region.jsm: "Error fetching region" (new Error("TIMEOUT", "resource://gre/modules/Region.jsm", 769))
console.error: Region.jsm: "Failed to fetch region" (new Error("TIMEOUT", "resource://gre/modules/Region.jsm", 421))
console.warn: SearchSettings: "get: No settings file exists, new profile?" (new NotFoundError("Could not open the file at C:\\Users\\tarena\\AppData\\Local\\Temp\\rust_mozprofilekMx5wy\\search.json.mozlz4", (void 0)))
DevTools listening on ws://localhost:8618/devtools/browser/6e1a20d5-84ed-49b8-9b0b-598d4daada61
console.warn: LoginRecipes: "getRecipes: falling back to a synchronous message for:" "http://www.5itest.cn"
1659335497762	Marionette	INFO	Stopped listening on port 8703
console.warn: TopSitesFeed: Failed to fetch data from Contile server: NetworkError when attempting to fetch resource.
